TheSurgeonsTodoList/app/build/intermediates/manifest_merge_blame_file/release/manifest-merger-blame-release-report.txt
1<?xml version="1.0" encoding="utf-8"?>
2<manifest xmlns:android="http://schemas.android.com/apk/res/android"
3    package="com.touchsurgery.thesurgeonstodolist"
4    android:versionCode="1"
5    android:versionName="1.0" >
6
7    <uses-sdk
8        android:minSdkVersion="27"
8-->src\main\AndroidManifest.xml
9        android:targetSdkVersion="33" />
9-->src\main\AndroidManifest.xml
10
11    <application
11-->src\main\AndroidManifest.xml:3:5-20:19
12        android:allowBackup="true"
12-->src\main\AndroidManifest.xml:4:13-39
13        android:appComponentFactory="androidx.core.app.CoreComponentFactory"
13-->[androidx.core:core:1.8.0] AndroidManifest.xml:24:18-86
14        android:extractNativeLibs="false"
15        android:icon="@mipmap/ic_launcher"
15-->src\main\AndroidManifest.xml:5:13-47
16        android:label="@string/app_name"
16-->src\main\AndroidManifest.xml:6:13-45
17        android:roundIcon="@mipmap/ic_launcher_round"
17-->src\main\AndroidManifest.xml:7:13-58
18        android:supportsRtl="true"
18-->src\main\AndroidManifest.xml:8:13-39
19        android:theme="@style/AppTheme" >
19-->src\main\AndroidManifest.xml:9:13-44
20        <activity
20-->src\main\AndroidManifest.xml:10:9-18:20
21            android:name="com.touchsurgery.thesurgeonstodolist.activities.MainActivity"
21-->src\main\AndroidManifest.xml:11:17-56
22            android:exported="true" >
22-->src\main\AndroidManifest.xml:12:17-40
23            <intent-filter>
23-->src\main\AndroidManifest.xml:13:13-17:29
24                <action android:name="android.intent.action.MAIN" />
24-->src\main\AndroidManifest.xml:14:17-69
24-->src\main\AndroidManifest.xml:14:25-66
25
26                <category android:name="android.intent.category.LAUNCHER" />
26-->src\main\AndroidManifest.xml:16:17-77
26-->src\main\AndroidManifest.xml:16:27-74
27            </intent-filter>
28        </activity>
29        <activity android:name="com.touchsurgery.thesurgeonstodolist.activities.SettingsActivity" />
29-->src\main\AndroidManifest.xml:19:9-65
29-->src\main\AndroidManifest.xml:19:19-62
30
31        <provider
31-->[androidx.emoji2:emoji2:1.2.0] AndroidManifest.xml:24:9-32:20
32            android:name="androidx.startup.InitializationProvider"
32-->[androidx.emoji2:emoji2:1.2.0] AndroidManifest.xml:25:13-67
33            android:authorities="com.touchsurgery.thesurgeonstodolist.androidx-startup"
33-->[androidx.emoji2:emoji2:1.2.0] AndroidManifest.xml:26:13-68
34            android:exported="false" >
34-->[androidx.emoji2:emoji2:1.2.0] AndroidManifest.xml:27:13-37
35            <meta-data
35-->[androidx.emoji2:emoji2:1.2.0] AndroidManifest.xml:29:13-31:52
36                android:name="androidx.emoji2.text.EmojiCompatInitializer"
36-->[androidx.emoji2:emoji2:1.2.0] AndroidManifest.xml:30:17-75
37                android:value="androidx.startup" />
37-->[androidx.emoji2:emoji2:1.2.0] AndroidManifest.xml:31:17-49
38            <meta-data
38-->[androidx.lifecycle:lifecycle-process:2.4.1] AndroidManifest.xml:31:13-33:52
39                android:name="androidx.lifecycle.ProcessLifecycleInitializer"
39-->[androidx.lifecycle:lifecycle-process:2.4.1] AndroidManifest.xml:32:17-78
40                android:value="androidx.startup" />
40-->[androidx.lifecycle:lifecycle-process:2.4.1] AndroidManifest.xml:33:17-49
41        </provider>
42    </application>
43
44</manifest>